<?xml version="1.0" encoding="UTF-8"?>
<!-- Generated by org.testng.reporters.JUnitReportReporter -->
<testsuite hostname="DESKTOP-QNTD8CV" name="RestTesting.Trello" tests="3" failures="0" timestamp="16 Mar 2022 17:47:00 GMT" time="8.871" errors="0">
  <testcase name="DeleteBoard" time="0.924" classname="RestTesting.Trello"/>
  <testcase name="createBoard" time="7.109" classname="RestTesting.Trello"/>
  <testcase name="getBoard" time="0.838" classname="RestTesting.Trello"/>
</testsuite> <!-- RestTesting.Trello -->
