<?xml version="1.0" encoding="UTF-8"?>
<!-- Generated by org.testng.reporters.JUnitReportReporter -->
<testsuite hostname="DESKTOP-QNTD8CV" failures="0" tests="3" name="RestTesting.Trello" time="2.372" errors="0" timestamp="2022-03-16T22:32:07 IST" skipped="0">
  <testcase classname="RestTesting.Trello" name="createBoard" time="0.988"/>
  <system-out/>
  <testcase classname="RestTesting.Trello" name="getBoard" time="0.653"/>
  <system-out/>
  <testcase classname="RestTesting.Trello" name="DeleteBoard" time="0.731"/>
  <system-out/>
</testsuite> <!-- RestTesting.Trello -->
